<?xml version="1.0" encoding="UTF-8"?>
<!-- Generated by org.testng.reporters.JUnitXMLReporter -->
<testsuite hostname="Home-PC" ignored="1" name="Test" tests="2" failures="0" timestamp="2020-04-20T23:25:50 IST" time="230.761" errors="0">
  <testcase name="LoginHomePage" time="92.061" classname="Banking.loginTestCase"/>
  <testcase name="addCustomer" time="32.78" classname="Banking.addCustomerTestCase"/>
  <testcase name="@BeforeTest setUp" time="0.0" classname="Utility.baseClass">
    <ignored/>
  </testcase> <!-- @BeforeTest setUp -->
</testsuite> <!-- Test -->
