<?xml version="1.0" encoding="UTF-8"?>
<!-- Generated by org.testng.reporters.JUnitXMLReporter -->
<testsuite hostname="Home-PC" ignored="1" name="Test" tests="2" failures="0" timestamp="2020-04-21T12:51:50 IST" time="221.88" errors="0">
  <testcase name="LoginHomePage" time="68.726" classname="Banking.loginTestCase"/>
  <testcase name="addCustomer" time="49.843" classname="Banking.addCustomerTestCase"/>
  <testcase name="@BeforeTest setUp" time="0.0" classname="Utility.baseClass">
    <ignored/>
  </testcase> <!-- @BeforeTest setUp -->
</testsuite> <!-- Test -->
